# JRE version: Java(TM) SE Runtime Environment (25.0.1+8) (build 25.0.1+8-LTS-27)
# Java VM: Java HotSpot(TM) 64-Bit Server VM (25.0.1+8-LTS-27, mixed mode, sharing, tiered, compressed oops, compressed class ptrs, g1 gc, windows-amd64)
GC Precious Log:
 CardTable entry size: 512
 Card Set container configuration: InlinePtr #cards 4 size 8 Array Of Cards #cards 16 size 48 Howl #buckets 8 coarsen threshold 3686 Howl Bitmap #cards 512 size 80 coarsen threshold 460 Card regions per heap region 1 cards per card region 4096
 CPUs: 4 total, 4 available
 Memory: 12173M
 Large Page Support: Disabled
 NUMA Support: Disabled
 Compressed Oops: Enabled (Zero based)
 Heap Region Size: 2M
 Heap Min Capacity: 8M
 Heap Initial Capacity: 192M
 Heap Max Capacity: 3044M
 Pre-touch: Disabled
 Parallel Workers: 4
 Concurrent Workers: 1
 Concurrent Refinement Workers: 4
 Periodic GC: Disabled
Heap:
 garbage-first heap   total reserved 3117056K, committed 118784K, used 83350K [0x0000000741c00000, 0x0000000800000000)
  region size 2048K, 26 young (53248K), 5 survivors (10240K)
GC Heap Usage History (10 events):
Event: 0.824 {heap Before GC invocations=0 (full 0):
 garbage-first heap   total reserved 3117056K, committed 198656K, used 29845K [0x0000000741c00000, 0x0000000800000000)
  region size 2048K, 14 young (28672K), 0 survivors (0K)
}
Event: 0.829 {heap After GC invocations=1 (full 0):
 garbage-first heap   total reserved 3117056K, committed 198656K, used 4629K [0x0000000741c00000, 0x0000000800000000)
  region size 2048K, 2 young (4096K), 2 survivors (4096K)
}
Event: 2.976 {heap Before GC invocations=1 (full 0):
 garbage-first heap   total reserved 3117056K, committed 198656K, used 90645K [0x0000000741c00000, 0x0000000800000000)
  region size 2048K, 44 young (90112K), 2 survivors (4096K)
}
Event: 2.992 {heap After GC invocations=2 (full 0):
 garbage-first heap   total reserved 3117056K, committed 198656K, used 13548K [0x0000000741c00000, 0x0000000800000000)
  region size 2048K, 6 young (12288K), 6 survivors (12288K)
}
Event: 4.621 {heap Before GC invocations=2 (full 0):
 garbage-first heap   total reserved 3117056K, committed 198656K, used 150764K [0x0000000741c00000, 0x0000000800000000)
  region size 2048K, 57 young (116736K), 6 survivors (12288K)
}
Event: 4.640 {heap After GC invocations=3 (full 0):
 garbage-first heap   total reserved 3117056K, committed 198656K, used 18658K [0x0000000741c00000, 0x0000000800000000)
  region size 2048K, 3 young (6144K), 3 survivors (6144K)
}
Event: 6.193 {heap Before GC invocations=3 (full 0):
 garbage-first heap   total reserved 3117056K, committed 198656K, used 41186K [0x0000000741c00000, 0x0000000800000000)
  region size 2048K, 11 young (22528K), 3 survivors (6144K)
}
Event: 6.199 {heap After GC invocations=4 (full 0):
 garbage-first heap   total reserved 3117056K, committed 198656K, used 30734K [0x0000000741c00000, 0x0000000800000000)
  region size 2048K, 5 young (10240K), 5 survivors (10240K)
}
Event: 8.379 {heap Before GC invocations=5 (full 0):
 garbage-first heap   total reserved 3117056K, committed 116736K, used 90126K [0x0000000741c00000, 0x0000000800000000)
  region size 2048K, 34 young (69632K), 5 survivors (10240K)
}
Event: 8.402 {heap After GC invocations=6 (full 0):
 garbage-first heap   total reserved 3117056K, committed 118784K, used 42390K [0x0000000741c00000, 0x0000000800000000)
  region size 2048K, 5 young (10240K), 5 survivors (10240K)
}

